2025-03-14 19:10:05,962 - ERROR - File 'project\core.py' does not exist!
2025-03-14 19:10:26,876 - INFO - Launching game script: main.py
2025-03-14 19:10:26,883 - INFO - Game script launched successfully.
2025-03-14 19:12:26,394 - INFO - Launching game script: main.py
2025-03-14 19:12:26,400 - INFO - Game script launched successfully.
2025-03-14 19:12:36,650 - INFO - Game script has finished.
2025-03-14 19:16:54,393 - INFO - Launching game script: main.py
2025-03-14 19:16:54,409 - INFO - Game script launched successfully. Capturing logs...
2025-03-14 19:16:58,381 - INFO - Game script has finished execution.
2025-03-14 19:17:21,519 - INFO - Launching game script: main.py
2025-03-14 19:17:21,525 - INFO - Game script launched successfully. Capturing logs...
2025-03-14 19:17:27,040 - INFO - Game script has finished execution.
2025-03-14 19:18:18,689 - INFO - Launching game script: main.py
2025-03-14 19:18:18,693 - INFO - Game script launched successfully. Capturing logs...
2025-03-14 19:18:23,020 - INFO - Game script has finished execution.
2025-03-14 19:18:50,133 - INFO - Launching game script: main.py
2025-03-14 19:18:50,149 - INFO - Game script launched successfully. Capturing logs...
2025-03-14 19:18:53,440 - INFO - Game script has finished execution.
2025-03-14 19:19:22,521 - INFO - Launching game script: main.py
2025-03-14 19:19:22,526 - INFO - Game script launched successfully. Capturing logs...
2025-03-14 19:19:22,889 - INFO - fuckckckckckc
2025-03-14 19:19:25,796 - INFO - Game script has finished execution.
2025-03-14 19:20:08,398 - INFO - Launching game script: main.py
2025-03-14 19:20:08,405 - INFO - Game script launched successfully. Capturing logs...
2025-03-14 19:20:08,669 - INFO - Config initialized successfully.
2025-03-14 19:20:08,747 - INFO - System initialized successfully.
2025-03-14 19:20:15,982 - INFO - Game script has finished execution.
2025-03-14 19:20:57,513 - INFO - Launching game script: main.py
2025-03-14 19:20:57,520 - INFO - Game script launched successfully. Capturing logs...
2025-03-14 19:20:57,786 - INFO - Config initialized successfully.
2025-03-14 19:20:57,871 - INFO - System initialized successfully.
2025-03-14 19:20:57,900 - INFO - fps: 45.510397387736276
2025-03-14 19:20:57,917 - INFO - fps: 105.36297184817333
2025-03-14 19:20:57,933 - INFO - fps: 60.927315641476035
2025-03-14 19:20:57,951 - INFO - fps: 65.12960778424082
2025-03-14 19:20:57,967 - INFO - fps: 55.68858921615905
2025-03-14 19:20:57,984 - INFO - fps: 61.25198726063054
2025-03-14 19:20:58,002 - INFO - fps: 59.93407363571706
2025-03-14 19:20:58,019 - INFO - fps: 56.724716802171315
2025-03-14 19:20:58,035 - INFO - fps: 61.345927850583436
2025-03-14 19:20:58,051 - INFO - fps: 60.39012310961306
2025-03-14 19:20:58,068 - INFO - fps: 62.12337753330793
2025-03-14 19:20:58,085 - INFO - fps: 57.41516708783029
2025-03-14 19:20:58,102 - INFO - fps: 62.04629003410246
2025-03-14 19:20:58,119 - INFO - fps: 57.59041396438855
2025-03-14 19:20:58,135 - INFO - fps: 60.477771215369415
2025-03-14 19:20:58,152 - INFO - fps: 60.76072749776167
2025-03-14 19:20:58,168 - INFO - fps: 61.21074923097621
2025-03-14 19:20:58,184 - INFO - fps: 59.203123147734516
2025-03-14 19:20:58,201 - INFO - fps: 63.17518230481294
2025-03-14 19:20:58,218 - INFO - fps: 58.792406224645156
2025-03-14 19:20:58,234 - INFO - fps: 60.259112734420256
2025-03-14 19:20:58,251 - INFO - fps: 62.53908607610449
2025-03-14 19:20:58,269 - INFO - fps: 56.76657575486507
2025-03-14 19:20:58,286 - INFO - fps: 57.740056293420984
2025-03-14 19:20:58,302 - INFO - fps: 59.865898474245675
2025-03-14 19:20:58,319 - INFO - fps: 62.32859572415902
2025-03-14 19:20:58,336 - INFO - fps: 56.53869967214413
2025-03-14 19:20:58,353 - INFO - fps: 58.955314523713206
2025-03-14 19:20:58,370 - INFO - fps: 58.51032552314215
2025-03-14 19:20:58,386 - INFO - fps: 60.27727837777634
2025-03-14 19:20:58,404 - INFO - fps: 62.019347064583904
2025-03-14 19:20:58,420 - INFO - fps: 57.208235192824255
2025-03-14 19:20:58,438 - INFO - fps: 59.22416573957275
2025-03-14 19:20:58,455 - INFO - fps: 58.44193904945116
2025-03-14 19:20:58,470 - INFO - fps: 58.5994733293006
2025-03-14 19:20:58,487 - INFO - fps: 61.244489750660165
2025-03-14 19:20:58,504 - INFO - fps: 60.270010806305784
2025-03-14 19:20:58,521 - INFO - fps: 58.078757071058
2025-03-14 19:20:58,538 - INFO - fps: 60.052849370702866
2025-03-14 19:20:58,554 - INFO - fps: 59.783581730555085
2025-03-14 19:20:58,571 - INFO - fps: 61.13590168896367
2025-03-14 19:20:58,588 - INFO - fps: 58.53429893447412
2025-03-14 19:20:58,605 - INFO - fps: 60.397412884189535
2025-03-14 19:20:58,621 - INFO - fps: 58.55829199909033
2025-03-14 19:20:58,638 - INFO - fps: 60.219200343500226
2025-03-14 19:20:58,655 - INFO - fps: 63.04772368827442
2025-03-14 19:20:58,671 - INFO - fps: 58.35326955247498
2025-03-14 19:20:58,688 - INFO - fps: 60.62810597540482
2025-03-14 19:20:58,705 - INFO - fps: 58.86854771132695
2025-03-14 19:20:58,722 - INFO - fps: 59.90894017251005
2025-03-14 19:20:58,738 - INFO - fps: 59.21714988045076
2025-03-14 19:20:58,755 - INFO - fps: 60.19020327542585
2025-03-14 19:20:58,772 - INFO - fps: 58.459019085306885
2025-03-14 19:20:58,789 - INFO - fps: 59.50609723927292
2025-03-14 19:20:58,806 - INFO - fps: 59.36479347639671
2025-03-14 19:20:58,822 - INFO - fps: 62.0732492464438
2025-03-14 19:20:58,838 - INFO - fps: 59.203123147734516
2025-03-14 19:20:58,856 - INFO - fps: 62.379137445800175
2025-03-14 19:20:58,872 - INFO - fps: 57.77007812672336
2025-03-14 19:20:58,889 - INFO - fps: 59.93048089421256
2025-03-14 19:20:58,906 - INFO - fps: 61.15459989180893
2025-03-14 19:20:58,922 - INFO - fps: 58.62351986428395
2025-03-14 19:20:58,940 - INFO - fps: 60.78658089282198
2025-03-14 19:20:58,957 - INFO - fps: 56.634760584121786
2025-03-14 19:20:58,974 - INFO - fps: 57.47787180102093
2025-03-14 19:20:58,990 - INFO - fps: 61.08735373200918
2025-03-14 19:20:59,007 - INFO - fps: 62.55864529481995
2025-03-14 19:20:59,024 - INFO - fps: 57.95086053432962
2025-03-14 19:20:59,040 - INFO - fps: 59.35070328147908
2025-03-14 19:20:59,056 - INFO - fps: 60.89021485804008
2025-03-14 19:20:59,073 - INFO - fps: 61.93100611326409
2025-03-14 19:20:59,091 - INFO - fps: 60.03121389713476
2025-03-14 19:20:59,108 - INFO - fps: 55.90339819235539
2025-03-14 19:20:59,125 - INFO - fps: 58.21060847964931
2025-03-14 19:20:59,141 - INFO - fps: 58.40439045532001
2025-03-14 19:20:59,158 - INFO - fps: 62.44925935050647
2025-03-14 19:20:59,175 - INFO - fps: 60.98676825544537
2025-03-14 19:20:59,192 - INFO - fps: 57.451454101356106
2025-03-14 19:20:59,209 - INFO - fps: 59.71932199935861
2025-03-14 19:20:59,225 - INFO - fps: 58.3873423217083
2025-03-14 19:20:59,242 - INFO - fps: 58.39757381863052
2025-03-14 19:20:59,258 - INFO - fps: 59.143603138911935
2025-03-14 19:20:59,275 - INFO - fps: 61.128432569089746
2025-03-14 19:20:59,292 - INFO - fps: 60.08531838830112
2025-03-14 19:20:59,309 - INFO - fps: 61.050057846614024
2025-03-14 19:20:59,325 - INFO - fps: 58.809691757641865
2025-03-14 19:20:59,342 - INFO - fps: 61.7817837548029
2025-03-14 19:20:59,360 - INFO - fps: 59.361275223136516
2025-03-14 19:20:59,376 - INFO - fps: 56.756907744888565
2025-03-14 19:20:59,392 - INFO - fps: 58.76131271282155
2025-03-14 19:20:59,410 - INFO - fps: 64.06149855230352
2025-03-14 19:20:59,427 - INFO - fps: 57.395396274196585
2025-03-14 19:20:59,444 - INFO - fps: 59.23819590997072
2025-03-14 19:20:59,461 - INFO - fps: 57.981095777885706
2025-03-14 19:20:59,478 - INFO - fps: 60.12506018151383
2025-03-14 19:20:59,494 - INFO - fps: 57.75672847477075
2025-03-14 19:20:59,511 - INFO - fps: 62.061689355456345
2025-03-14 19:20:59,527 - INFO - fps: 59.00749619354101
2025-03-14 19:20:59,544 - INFO - fps: 61.17704586715213
2025-03-14 19:20:59,561 - INFO - fps: 57.91058548303918
2025-03-14 19:20:59,577 - INFO - fps: 60.56935024824174
2025-03-14 19:20:59,594 - INFO - fps: 62.351911934679435
2025-03-14 19:20:59,611 - INFO - fps: 58.513750004904566
2025-03-14 19:20:59,629 - INFO - fps: 58.42145490471368
2025-03-14 19:20:59,645 - INFO - fps: 57.39210143975497
2025-03-14 19:20:59,662 - INFO - fps: 62.379137445800175
2025-03-14 19:20:59,678 - INFO - fps: 57.740056293420984
2025-03-14 19:20:59,695 - INFO - fps: 62.480474463024606
2025-03-14 19:20:59,711 - INFO - fps: 59.375370438775576
2025-03-14 19:20:59,728 - INFO - fps: 63.52432904190561
2025-03-14 19:20:59,744 - INFO - fps: 57.6900912517784
2025-03-14 19:20:59,761 - INFO - fps: 62.15813195488944
2025-03-14 19:20:59,778 - INFO - fps: 58.13615208782251
2025-03-14 19:20:59,796 - INFO - fps: 58.778579964384974
2025-03-14 19:20:59,813 - INFO - fps: 56.798820247120524
2025-03-14 19:20:59,830 - INFO - fps: 58.78203591975166
2025-03-14 19:20:59,847 - INFO - fps: 59.39300051685441
2025-03-14 19:20:59,863 - INFO - fps: 58.93098861129049
2025-03-14 19:20:59,879 - INFO - fps: 61.01281440803226
2025-03-14 19:20:59,896 - INFO - fps: 61.496832208903996
2025-03-14 19:20:59,913 - INFO - fps: 58.312439752404714
2025-03-14 19:20:59,930 - INFO - fps: 61.323357800801716
2025-03-14 19:20:59,946 - INFO - fps: 60.3318275218615
2025-03-14 19:20:59,963 - INFO - fps: 59.89458383726979
2025-03-14 19:20:59,980 - INFO - fps: 59.865898474245675
2025-03-14 19:20:59,996 - INFO - fps: 60.0492423755197
2025-03-14 19:21:00,013 - INFO - fps: 60.16846873653379
2025-03-14 19:21:00,029 - INFO - fps: 60.20469494224006
2025-03-14 19:21:00,046 - INFO - fps: 60.01320294929062
2025-03-14 19:21:00,062 - INFO - fps: 60.7570349684791
2025-03-14 19:21:00,079 - INFO - fps: 60.0744937227201
2025-03-14 19:21:00,096 - INFO - fps: 60.40106182921966
2025-03-14 19:21:00,113 - INFO - fps: 59.495480248402934
2025-03-14 19:21:00,130 - INFO - fps: 59.36479347639671
2025-03-14 19:21:00,146 - INFO - fps: 57.48117649111991
2025-03-14 19:21:00,163 - INFO - fps: 63.18716076548525
2025-03-14 19:21:00,180 - INFO - fps: 58.30563822937176
2025-03-14 19:21:00,196 - INFO - fps: 58.38052331530605
2025-03-14 19:21:00,213 - INFO - fps: 63.35930769036497
2025-03-14 19:21:00,229 - INFO - fps: 60.161234119554436
2025-03-14 19:21:00,246 - INFO - fps: 59.91611423449194
2025-03-14 19:21:00,263 - INFO - fps: 58.75095337313746
2025-03-14 19:21:00,280 - INFO - fps: 61.47415100330586
2025-03-14 19:21:00,297 - INFO - fps: 58.21060847964931
2025-03-14 19:21:00,314 - INFO - fps: 57.12327314830873
2025-03-14 19:21:00,331 - INFO - fps: 59.905350443528924
2025-03-14 19:21:00,347 - INFO - fps: 57.94750161930433
2025-03-14 19:21:00,364 - INFO - fps: 61.12469521386719
2025-03-14 19:21:00,380 - INFO - fps: 62.19292528439832
2025-03-14 19:21:00,397 - INFO - fps: 62.57039107506045
2025-03-14 19:21:00,413 - INFO - fps: 58.54801049755419
2025-03-14 19:21:00,430 - INFO - fps: 59.61607036076839
2025-03-14 19:21:00,447 - INFO - fps: 60.54368126654004
2025-03-14 19:21:00,465 - INFO - fps: 58.94836221399601
2025-03-14 19:21:00,482 - INFO - fps: 56.993046981099766
2025-03-14 19:21:00,499 - INFO - fps: 58.29883829280373
2025-03-14 19:21:00,515 - INFO - fps: 58.98313368912633
2025-03-14 19:21:00,533 - INFO - fps: 60.50704608860316
2025-03-14 19:21:00,550 - INFO - fps: 56.363429753020526
2025-03-14 19:21:00,566 - INFO - fps: 60.18657976190877
2025-03-14 19:21:00,582 - INFO - fps: 61.93100611326409
2025-03-14 19:21:00,600 - INFO - fps: 59.154094904880594
2025-03-14 19:21:00,616 - INFO - fps: 59.126114277621234
2025-03-14 19:21:00,633 - INFO - fps: 59.470713213116746
2025-03-14 19:21:00,651 - INFO - fps: 60.50704608860316
2025-03-14 19:21:00,667 - INFO - fps: 56.52591894339974
2025-03-14 19:21:00,684 - INFO - fps: 60.55101499217892
2025-03-14 19:21:00,701 - INFO - fps: 59.18560559834223
2025-03-14 19:21:00,718 - INFO - fps: 60.32090708504012
2025-03-14 19:21:00,734 - INFO - fps: 57.99118538071996
2025-03-14 19:21:00,751 - INFO - fps: 61.63707857712469
2025-03-14 19:21:00,768 - INFO - fps: 59.467175807411174
2025-03-14 19:21:00,785 - INFO - fps: 58.12263902553941
2025-03-14 19:21:00,803 - INFO - fps: 58.3873423217083
2025-03-14 19:21:00,820 - INFO - fps: 56.478032231988855
2025-03-14 19:21:00,837 - INFO - fps: 58.41804121714583
2025-03-14 19:21:00,855 - INFO - fps: 58.139532909256694
2025-03-14 19:21:00,872 - INFO - fps: 56.43022658767619
2025-03-14 19:21:00,888 - INFO - fps: 58.93098861129049
2025-03-14 19:21:00,906 - INFO - fps: 59.923296703247644
2025-03-14 19:21:00,923 - INFO - fps: 57.42176243343704
2025-03-14 19:21:00,940 - INFO - fps: 59.049305486889494
2025-03-14 19:21:00,957 - INFO - fps: 58.315841109019054
2025-03-14 19:21:00,973 - INFO - fps: 59.80146175656958
2025-03-14 19:21:00,990 - INFO - fps: 61.308322658894966
2025-03-14 19:21:01,007 - INFO - fps: 57.90052390464586
2025-03-14 19:21:01,025 - INFO - fps: 58.38393261939911
2025-03-14 19:21:01,042 - INFO - fps: 57.880417473135466
2025-03-14 19:21:01,059 - INFO - fps: 57.78342773203741
2025-03-14 19:21:01,077 - INFO - fps: 57.6634781585998
2025-03-14 19:21:01,093 - INFO - fps: 57.88376861540001
2025-03-14 19:21:01,110 - INFO - fps: 60.078103752192206
2025-03-14 19:21:01,127 - INFO - fps: 59.44243232700889
2025-03-14 19:21:01,144 - INFO - fps: 61.1396404147517
2025-03-14 19:21:01,161 - INFO - fps: 58.180127153602236
2025-03-14 19:21:01,178 - INFO - fps: 56.42704163130808
2025-03-14 19:21:01,195 - INFO - fps: 61.08362139801577
2025-03-14 19:21:01,211 - INFO - fps: 58.48637174095659
2025-03-14 19:21:01,228 - INFO - fps: 62.243247128702215
2025-03-14 19:21:01,245 - INFO - fps: 58.17674160953609
2025-03-14 19:21:01,261 - INFO - fps: 60.916178586547815
2025-03-14 19:21:01,278 - INFO - fps: 60.44122253921152
2025-03-14 19:21:01,295 - INFO - fps: 57.99118538071996
2025-03-14 19:21:01,312 - INFO - fps: 60.971890764796335
2025-03-14 19:21:01,328 - INFO - fps: 59.368318711798025
2025-03-14 19:21:01,344 - INFO - fps: 59.32253639296122
2025-03-14 19:21:01,361 - INFO - fps: 61.8888490286763
2025-03-14 19:21:01,379 - INFO - fps: 59.30143040281428
2025-03-14 19:21:01,395 - INFO - fps: 58.489793419285704
2025-03-14 19:21:01,412 - INFO - fps: 60.73488921419344
2025-03-14 19:21:01,428 - INFO - fps: 59.26628274518103
2025-03-14 19:21:01,445 - INFO - fps: 62.99212397390255
2025-03-14 19:21:01,461 - INFO - fps: 58.46585644215607
2025-03-14 19:21:01,478 - INFO - fps: 60.771800899933226
2025-03-14 19:21:01,494 - INFO - fps: 60.08531838830112
2025-03-14 19:21:01,512 - INFO - fps: 60.68329223510178
2025-03-14 19:21:01,529 - INFO - fps: 56.009859270864226
2025-03-14 19:21:01,547 - INFO - fps: 59.484860454518206
2025-03-14 19:21:01,562 - INFO - fps: 57.80346682397584
2025-03-14 19:21:01,580 - INFO - fps: 62.743126660915976
2025-03-14 19:21:01,597 - INFO - fps: 57.95421358272519
2025-03-14 19:21:01,613 - INFO - fps: 58.837373630880194
2025-03-14 19:21:01,629 - INFO - fps: 61.36098845804591
2025-03-14 19:21:01,646 - INFO - fps: 62.173586849475484
2025-03-14 19:21:01,663 - INFO - fps: 59.17509613029676
2025-03-14 19:21:01,679 - INFO - fps: 57.32301555685083
2025-03-14 19:21:01,696 - INFO - fps: 62.235497786920725
2025-03-14 19:21:01,714 - INFO - fps: 61.180789627077814
2025-03-14 19:21:01,731 - INFO - fps: 55.90339819235539
2025-03-14 19:21:01,748 - INFO - fps: 58.02483649435776
2025-03-14 19:21:01,765 - INFO - fps: 58.77512441536438
2025-03-14 19:21:01,782 - INFO - fps: 59.7907324577806
2025-03-14 19:21:01,799 - INFO - fps: 58.99008772188133
2025-03-14 19:21:01,815 - INFO - fps: 57.78342773203741
2025-03-14 19:21:01,833 - INFO - fps: 59.55217003936491
2025-03-14 19:21:01,850 - INFO - fps: 57.27376936868277
2025-03-14 19:21:01,866 - INFO - fps: 60.38282830316409
2025-03-14 19:21:01,883 - INFO - fps: 59.00401367727573
2025-03-14 19:21:01,901 - INFO - fps: 59.94844221635224
2025-03-14 19:21:01,918 - INFO - fps: 56.67006754754041
2025-03-14 19:21:01,935 - INFO - fps: 59.73001903698511
2025-03-14 19:21:01,952 - INFO - fps: 57.76340252944033
2025-03-14 19:21:01,969 - INFO - fps: 58.03493505388656
2025-03-14 19:21:01,986 - INFO - fps: 60.8346517721531
2025-03-14 19:21:02,002 - INFO - fps: 58.713013199387355
2025-03-14 19:21:02,019 - INFO - fps: 61.10975036185216
2025-03-14 19:21:02,035 - INFO - fps: 60.70907976151087
2025-03-14 19:21:02,052 - INFO - fps: 60.14675662692068
2025-03-14 19:21:02,068 - INFO - fps: 60.54368126654004
2025-03-14 19:21:02,085 - INFO - fps: 59.88382777999437
2025-03-14 19:21:02,102 - INFO - fps: 58.795863806113175
2025-03-14 19:21:02,119 - INFO - fps: 60.98304820216345
2025-03-14 19:21:02,135 - INFO - fps: 59.31901659232513
2025-03-14 19:21:02,152 - INFO - fps: 61.128432569089746
2025-03-14 19:21:02,169 - INFO - fps: 59.89099582848717
2025-03-14 19:21:02,185 - INFO - fps: 59.37889693050103
2025-03-14 19:21:02,203 - INFO - fps: 60.94959505319954
2025-03-14 19:21:02,220 - INFO - fps: 55.984773485576234
2025-03-14 19:21:02,237 - INFO - fps: 57.57383764842367
2025-03-14 19:21:02,255 - INFO - fps: 57.90052390464586
2025-03-14 19:21:02,272 - INFO - fps: 58.25129575196038
2025-03-14 19:21:02,288 - INFO - fps: 58.33625124564804
2025-03-14 19:21:02,305 - INFO - fps: 60.44853146246871
2025-03-14 19:21:02,321 - INFO - fps: 60.08531838830112
2025-03-14 19:21:02,339 - INFO - fps: 61.40620063518657
2025-03-14 19:21:02,356 - INFO - fps: 57.28033226739981
2025-03-14 19:21:02,372 - INFO - fps: 57.61364550481903
2025-03-14 19:21:02,389 - INFO - fps: 61.500615211304265
2025-03-14 19:21:02,405 - INFO - fps: 60.60238717936648
2025-03-14 19:21:02,423 - INFO - fps: 60.67960911127304
2025-03-14 19:21:02,440 - INFO - fps: 58.119260168525756
2025-03-14 19:21:02,456 - INFO - fps: 57.72005493002099
2025-03-14 19:21:02,473 - INFO - fps: 59.91611423449194
2025-03-14 19:21:02,490 - INFO - fps: 59.655193633204796
2025-03-14 19:21:02,507 - INFO - fps: 58.60634358255788
2025-03-14 19:21:02,523 - INFO - fps: 60.613409781043785
2025-03-14 19:21:02,540 - INFO - fps: 60.33910322850237
2025-03-14 19:21:02,557 - INFO - fps: 59.94844221635224
2025-03-14 19:21:02,574 - INFO - fps: 57.547331680745394
2025-03-14 19:21:02,590 - INFO - fps: 60.745960072953416
2025-03-14 19:21:02,608 - INFO - fps: 61.297045890900186
2025-03-14 19:21:02,625 - INFO - fps: 57.91058548303918
2025-03-14 19:21:02,642 - INFO - fps: 58.69233220588536
2025-03-14 19:21:02,659 - INFO - fps: 57.91729514489979
2025-03-14 19:21:02,675 - INFO - fps: 58.500060856871286
2025-03-14 19:21:02,692 - INFO - fps: 60.87168485602993
2025-03-14 19:21:02,708 - INFO - fps: 60.28454093288335
2025-03-14 19:21:02,725 - INFO - fps: 61.04633700995692
2025-03-14 19:21:02,742 - INFO - fps: 60.78658089282198
2025-03-14 19:21:02,759 - INFO - fps: 58.203830689553826
2025-03-14 19:21:02,775 - INFO - fps: 60.37553525885009
2025-03-14 19:21:02,792 - INFO - fps: 60.114214462053326
2025-03-14 19:21:02,809 - INFO - fps: 60.31362898985768
2025-03-14 19:21:02,826 - INFO - fps: 57.29673998143865
2025-03-14 19:21:02,845 - INFO - fps: 60.43391538320657
2025-03-14 19:21:02,862 - INFO - fps: 51.775912818101816
2025-03-14 19:21:02,878 - INFO - fps: 58.633834308996846
2025-03-14 19:21:02,896 - INFO - fps: 61.035156404098956
2025-03-14 19:21:02,913 - INFO - fps: 56.8634132267504
2025-03-14 19:21:02,929 - INFO - fps: 60.40106182921966
2025-03-14 19:21:02,946 - INFO - fps: 60.60606093446086
2025-03-14 19:21:02,962 - INFO - fps: 60.81984839641691
2025-03-14 19:21:02,979 - INFO - fps: 60.052849370702866
2025-03-14 19:21:02,995 - INFO - fps: 60.60238717936648
2025-03-14 19:21:03,011 - INFO - fps: 60.350030255337515
2025-03-14 19:21:03,029 - INFO - fps: 61.96554556699584
2025-03-14 19:21:03,047 - INFO - fps: 56.02868690613053
2025-03-14 19:21:03,063 - INFO - fps: 57.72338752823428
2025-03-14 19:21:03,080 - INFO - fps: 60.85315923104824
2025-03-14 19:21:03,097 - INFO - fps: 59.71575495748818
2025-03-14 19:21:03,113 - INFO - fps: 58.19027984331887
2025-03-14 19:21:03,130 - INFO - fps: 62.262621708043575
2025-03-14 19:21:03,146 - INFO - fps: 59.776439369165736
2025-03-14 19:21:03,163 - INFO - fps: 61.61049682164877
2025-03-14 19:21:03,180 - INFO - fps: 60.54001506985652
2025-03-14 19:21:03,197 - INFO - fps: 58.23094500852741
2025-03-14 19:21:03,213 - INFO - fps: 59.02142388187424
2025-03-14 19:21:03,230 - INFO - fps: 59.851569430188654
2025-03-14 19:21:03,246 - INFO - fps: 60.48874852826022
2025-03-14 19:21:03,263 - INFO - fps: 62.084806265019
2025-03-14 19:21:03,280 - INFO - fps: 59.808610099145746
2025-03-14 19:21:03,296 - INFO - fps: 58.24790192036454
2025-03-14 19:21:03,313 - INFO - fps: 61.46281315505976
2025-03-14 19:21:03,329 - INFO - fps: 60.93102889812595
2025-03-14 19:21:03,346 - INFO - fps: 61.45526394743201
2025-03-14 19:21:03,362 - INFO - fps: 59.665874338572
2025-03-14 19:21:03,379 - INFO - fps: 59.269796290297975
2025-03-14 19:21:03,395 - INFO - fps: 60.39376438001244
2025-03-14 19:21:03,412 - INFO - fps: 62.45316044189314
2025-03-14 19:21:03,428 - INFO - fps: 60.554682521295675
2025-03-14 19:21:03,444 - INFO - fps: 62.71951700201055
2025-03-14 19:21:03,461 - INFO - fps: 59.65163424778203
2025-03-14 19:21:03,478 - INFO - fps: 58.15644291634237
2025-03-14 19:21:03,494 - INFO - fps: 60.70907976151087
2025-03-14 19:21:03,511 - INFO - fps: 60.98676825544537
2025-03-14 19:21:03,528 - INFO - fps: 59.97360884185569
2025-03-14 19:21:03,543 - INFO - fps: 60.701714563016125
2025-03-14 19:21:03,560 - INFO - fps: 62.254874760501714
2025-03-14 19:21:03,577 - INFO - fps: 60.197444861804115
2025-03-14 19:21:03,594 - INFO - fps: 57.185335475298835
2025-03-14 19:21:03,610 - INFO - fps: 62.47656995869736
2025-03-14 19:21:03,627 - INFO - fps: 60.41201131022736
2025-03-14 19:21:03,644 - INFO - fps: 60.270010806305784
2025-03-14 19:21:03,660 - INFO - fps: 59.9556324383241
2025-03-14 19:21:03,677 - INFO - fps: 60.230077225223106
2025-03-14 19:21:03,694 - INFO - fps: 59.00053157204988
2025-03-14 19:21:03,710 - INFO - fps: 60.13952049324024
2025-03-14 19:21:03,727 - INFO - fps: 59.78000700830229
2025-03-14 19:21:03,743 - INFO - fps: 59.10165374704311
2025-03-14 19:21:03,760 - INFO - fps: 61.9425173676892
2025-03-14 19:21:03,777 - INFO - fps: 60.06366623690868
2025-03-14 19:21:03,793 - INFO - fps: 60.161234119554436
2025-03-14 19:21:03,809 - INFO - fps: 59.21714988045076
2025-03-14 19:21:03,826 - INFO - fps: 62.81012344864395
2025-03-14 19:21:03,844 - INFO - fps: 60.11782926708823
2025-03-14 19:21:03,861 - INFO - fps: 54.92091144395298
2025-03-14 19:21:03,877 - INFO - fps: 60.927315641476035
2025-03-14 19:21:03,894 - INFO - fps: 60.43026246772338
2025-03-14 19:21:03,910 - INFO - fps: 58.6854481935402
2025-03-14 19:21:03,928 - INFO - fps: 62.27813583749317
2025-03-14 19:21:03,944 - INFO - fps: 57.863673817009605
2025-03-14 19:21:03,960 - INFO - fps: 62.91286675917199
2025-03-14 19:21:03,977 - INFO - fps: 58.568583501681225
2025-03-14 19:21:03,994 - INFO - fps: 59.47424445116999
2025-03-14 19:21:04,011 - INFO - fps: 60.08531838830112
2025-03-14 19:21:04,029 - INFO - fps: 57.89717706582475
2025-03-14 19:21:04,045 - INFO - fps: 58.32944416709265
2025-03-14 19:21:04,061 - INFO - fps: 59.87665476912892
2025-03-14 19:21:04,078 - INFO - fps: 62.80223231978678
2025-03-14 19:21:04,095 - INFO - fps: 58.24450848420788
2025-03-14 19:21:04,112 - INFO - fps: 60.28090605235572
2025-03-14 19:21:04,129 - INFO - fps: 58.438522967670934
2025-03-14 19:21:04,145 - INFO - fps: 60.964454741120385
2025-03-14 19:21:04,162 - INFO - fps: 59.22416573957275
2025-03-14 19:21:04,179 - INFO - fps: 57.99791373366485
2025-03-14 19:21:04,196 - INFO - fps: 59.923296703247644
2025-03-14 19:21:04,213 - INFO - fps: 58.664786610984734
2025-03-14 19:21:04,230 - INFO - fps: 61.402429238701295
2025-03-14 19:21:04,247 - INFO - fps: 57.47126356064526
2025-03-14 19:21:04,263 - INFO - fps: 59.07721344678592
2025-03-14 19:21:04,281 - INFO - fps: 60.14313834242624
2025-03-14 19:21:04,297 - INFO - fps: 58.1293979183156
2025-03-14 19:21:04,314 - INFO - fps: 61.25198726063054
2025-03-14 19:21:04,330 - INFO - fps: 58.616645583620425
2025-03-14 19:21:04,347 - INFO - fps: 62.60172743020736
2025-03-14 19:21:04,364 - INFO - fps: 58.55486868830969
2025-03-14 19:21:04,381 - INFO - fps: 58.72335273930461
2025-03-14 19:21:04,398 - INFO - fps: 60.59871386962884
2025-03-14 19:21:04,416 - INFO - fps: 58.1293979183156
2025-03-14 19:21:04,432 - INFO - fps: 55.9659753467415
2025-03-14 19:21:04,449 - INFO - fps: 60.56201891252742
2025-03-14 19:21:04,466 - INFO - fps: 59.69436165157196
2025-03-14 19:21:04,483 - INFO - fps: 58.39757381863052
2025-03-14 19:21:04,500 - INFO - fps: 60.44122253921152
2025-03-14 19:21:04,517 - INFO - fps: 59.42829867896874
2025-03-14 19:21:04,534 - INFO - fps: 56.80526873342252
2025-03-14 19:21:04,551 - INFO - fps: 58.833911165733994
2025-03-14 19:21:04,568 - INFO - fps: 58.146295731902136
2025-03-14 19:21:04,584 - INFO - fps: 60.03121389713476
2025-03-14 19:21:04,601 - INFO - fps: 60.230077225223106
2025-03-14 19:21:04,617 - INFO - fps: 61.54225192193832
2025-03-14 19:21:04,633 - INFO - fps: 62.98419443965725
2025-03-14 19:21:04,650 - INFO - fps: 61.00909117665742
2025-03-14 19:21:04,666 - INFO - fps: 59.56635606678317
2025-03-14 19:21:04,683 - INFO - fps: 60.49972982685592
2025-03-14 19:21:04,700 - INFO - fps: 60.76441359842948
2025-03-14 19:21:04,718 - INFO - fps: 59.28033942565954
2025-03-14 19:21:04,734 - INFO - fps: 58.06526439404927
2025-03-14 19:21:04,752 - INFO - fps: 56.98005399017309
2025-03-14 19:21:04,767 - INFO - fps: 58.46585644215607
2025-03-14 19:21:04,784 - INFO - fps: 63.66588458572419
2025-03-14 19:21:04,801 - INFO - fps: 58.58573765393366
2025-03-14 19:21:04,817 - INFO - fps: 61.17330256537289
2025-03-14 19:21:04,833 - INFO - fps: 60.03481872673441
2025-03-14 19:21:04,850 - INFO - fps: 63.55258826582118
2025-03-14 19:21:04,866 - INFO - fps: 59.73001903698511
2025-03-14 19:21:04,883 - INFO - fps: 60.29181200917599
2025-03-14 19:21:04,901 - INFO - fps: 59.20662920790714
2025-03-14 19:21:04,917 - INFO - fps: 57.87372259122747
2025-03-14 19:21:04,934 - INFO - fps: 57.89717706582475
2025-03-14 19:21:04,951 - INFO - fps: 61.85439499921195
2025-03-14 19:21:04,967 - INFO - fps: 58.078757071058
2025-03-14 19:21:04,984 - INFO - fps: 60.270010806305784
2025-03-14 19:21:05,001 - INFO - fps: 59.633850313924974
2025-03-14 19:21:05,018 - INFO - fps: 57.76340252944033
2025-03-14 19:21:05,034 - INFO - fps: 61.00536839966601
2025-03-14 19:21:05,051 - INFO - fps: 59.23819590997072
2025-03-14 19:21:05,067 - INFO - fps: 62.5351742431046
2025-03-14 19:21:05,084 - INFO - fps: 62.786463351781244
2025-03-14 19:21:05,100 - INFO - fps: 57.81683809298989
2025-03-14 19:21:05,117 - INFO - fps: 62.59780775706864
2025-03-14 19:21:05,133 - INFO - fps: 62.34414275294554
2025-03-14 19:21:05,152 - INFO - fps: 59.7657190464931
2025-03-14 19:21:05,168 - INFO - fps: 51.759834467535114
2025-03-14 19:21:05,185 - INFO - fps: 61.873528219960384
2025-03-14 19:21:05,202 - INFO - fps: 60.23733516863889
2025-03-14 19:21:05,218 - INFO - fps: 58.33284750778447
2025-03-14 19:21:05,236 - INFO - fps: 61.736017023459006
2025-03-14 19:21:05,252 - INFO - fps: 56.78591565295653
2025-03-14 19:21:05,268 - INFO - fps: 59.966421005848524
2025-03-14 19:21:05,285 - INFO - fps: 61.93100611326409
2025-03-14 19:21:05,301 - INFO - fps: 59.50609723927292
2025-03-14 19:21:05,319 - INFO - fps: 58.82352621497597
2025-03-14 19:21:05,335 - INFO - fps: 58.489793419285704
2025-03-14 19:21:05,352 - INFO - fps: 62.09251812276827
2025-03-14 19:21:05,369 - INFO - fps: 60.32090708504012
2025-03-14 19:21:05,386 - INFO - fps: 59.69436165157196
2025-03-14 19:21:05,402 - INFO - fps: 59.637407577282616
2025-03-14 19:21:05,419 - INFO - fps: 60.58770344927364
2025-03-14 19:21:05,436 - INFO - fps: 59.29439622686521
2025-03-14 19:21:05,452 - INFO - fps: 59.726450717167864
2025-03-14 19:21:05,468 - INFO - fps: 62.45316044189314
2025-03-14 19:21:05,485 - INFO - fps: 61.61049682164877
2025-03-14 19:21:05,501 - INFO - fps: 60.20832063738822
2025-03-14 19:21:05,518 - INFO - fps: 63.61322956709735
2025-03-14 19:21:05,534 - INFO - fps: 60.21557333793938
2025-03-14 19:21:05,551 - INFO - fps: 60.12506018151383
2025-03-14 19:21:05,569 - INFO - fps: 60.06727496515652
2025-03-14 19:21:05,584 - INFO - fps: 55.18459130661456
2025-03-14 19:21:05,602 - INFO - fps: 64.49948493127381
2025-03-14 19:21:05,618 - INFO - fps: 56.129322944786
2025-03-14 19:21:05,635 - INFO - fps: 60.40836104215863
2025-03-14 19:21:05,651 - INFO - fps: 58.54115391313043
2025-03-14 19:21:05,668 - INFO - fps: 63.21911810145375
2025-03-14 19:21:05,685 - INFO - fps: 59.112137142303474
2025-03-14 19:21:05,702 - INFO - fps: 57.30330814583601
2025-03-14 19:21:05,719 - INFO - fps: 59.481321365664975
2025-03-14 19:21:05,736 - INFO - fps: 57.82018187688728
2025-03-14 19:21:05,753 - INFO - fps: 61.32711948995553
2025-03-14 19:21:05,768 - INFO - fps: 59.97001805788487
2025-03-14 19:21:05,786 - INFO - fps: 65.14657979823609
2025-03-14 19:21:05,803 - INFO - fps: 57.185335475298835
2025-03-14 19:21:05,819 - INFO - fps: 60.99792420850081
2025-03-14 19:21:05,836 - INFO - fps: 60.23733516863889
2025-03-14 19:21:05,852 - INFO - fps: 59.24521675720747
2025-03-14 19:21:05,869 - INFO - fps: 60.37918156078013
2025-03-14 19:21:05,886 - INFO - fps: 58.03830411297553
2025-03-14 19:21:05,903 - INFO - fps: 59.75143126287691
2025-03-14 19:21:05,919 - INFO - fps: 58.479529585175875
2025-03-14 19:21:05,936 - INFO - fps: 63.15523572213202
2025-03-14 19:21:05,952 - INFO - fps: 60.59504100516694
2025-03-14 19:21:05,968 - INFO - fps: 61.90417028870076
2025-03-14 19:21:05,986 - INFO - fps: 59.7692920601172
2025-03-14 19:21:06,003 - INFO - fps: 57.18860661129294
2025-03-14 19:21:06,020 - INFO - fps: 59.2557446088037
2025-03-14 19:21:06,037 - INFO - fps: 59.31901659232513
2025-03-14 19:21:06,054 - INFO - fps: 57.597049635383094
2025-03-14 19:21:06,071 - INFO - fps: 59.44949508930974
2025-03-14 19:21:06,088 - INFO - fps: 58.77166927261822
2025-03-14 19:21:06,104 - INFO - fps: 59.484860454518206
2025-03-14 19:21:06,121 - INFO - fps: 60.20832063738822
2025-03-14 19:21:06,138 - INFO - fps: 59.898172275986106
2025-03-14 19:21:06,155 - INFO - fps: 58.81661139460766
2025-03-14 19:21:06,172 - INFO - fps: 58.633834308996846
2025-03-14 19:21:06,190 - INFO - fps: 58.792406224645156
2025-03-14 19:21:06,207 - INFO - fps: 57.204967906370136
2025-03-14 19:21:06,225 - INFO - fps: 55.34034527690587
2025-03-14 19:21:06,242 - INFO - fps: 58.275057325725726
2025-03-14 19:21:06,259 - INFO - fps: 55.956578094350675
2025-03-14 19:21:06,276 - INFO - fps: 60.28090605235572
2025-03-14 19:21:06,293 - INFO - fps: 60.43026246772338
2025-03-14 19:21:06,310 - INFO - fps: 58.14967773325063
2025-03-14 19:21:06,327 - INFO - fps: 57.710065647278334
2025-03-14 19:21:06,344 - INFO - fps: 58.826987457853804
2025-03-14 19:21:06,360 - INFO - fps: 60.95702745213183
2025-03-14 19:21:06,378 - INFO - fps: 61.31959657308935
2025-03-14 19:21:06,394 - INFO - fps: 57.653502256114834
2025-03-14 19:21:06,411 - INFO - fps: 60.386475486081785
2025-03-14 19:21:06,428 - INFO - fps: 58.664786610984734
2025-03-14 19:21:06,444 - INFO - fps: 59.89099582848717
2025-03-14 19:21:06,462 - INFO - fps: 60.24459486148267
2025-03-14 19:21:06,479 - INFO - fps: 56.8343261088746
2025-03-14 19:21:06,497 - INFO - fps: 56.71184585457678
2025-03-14 19:21:06,513 - INFO - fps: 55.83784783928895
2025-03-14 19:21:06,530 - INFO - fps: 63.99180707921945
2025-03-14 19:21:06,547 - INFO - fps: 59.361275223136516
2025-03-14 19:21:06,563 - INFO - fps: 57.77674904936009
2025-03-14 19:21:06,580 - INFO - fps: 61.9425173676892
2025-03-14 19:21:06,597 - INFO - fps: 60.51070829316632
2025-03-14 19:21:06,614 - INFO - fps: 57.84359296590696
2025-03-14 19:21:06,631 - INFO - fps: 61.17330256537289
2025-03-14 19:21:07,508 - INFO - fps: 1.1192279647951733
2025-03-14 19:21:07,526 - INFO - fps: 915.7508742076003
2025-03-14 19:21:07,543 - INFO - fps: 55.456967028535495
2025-03-14 19:21:07,560 - INFO - fps: 58.02483649435776
2025-03-14 19:21:07,577 - INFO - fps: 61.020255298758016
2025-03-14 19:21:07,594 - INFO - fps: 57.5109296504348
2025-03-14 19:21:07,611 - INFO - fps: 59.794308462906756
2025-03-14 19:21:07,628 - INFO - fps: 59.112137142303474
2025-03-14 19:21:07,645 - INFO - fps: 57.283608168707396
2025-03-14 19:21:07,661 - INFO - fps: 60.916178586547815
2025-03-14 19:21:07,678 - INFO - fps: 61.54225192193832
2025-03-14 19:21:07,695 - INFO - fps: 58.22755354779457
2025-03-14 19:21:07,712 - INFO - fps: 57.48778085571381
2025-03-14 19:21:07,728 - INFO - fps: 60.386475486081785
2025-03-14 19:21:07,745 - INFO - fps: 62.61741103273823
2025-03-14 19:21:07,762 - INFO - fps: 57.25081716666361
2025-03-14 19:21:07,779 - INFO - fps: 60.66488794071717
2025-03-14 19:21:07,796 - INFO - fps: 57.40857939590798
2025-03-14 19:21:07,813 - INFO - fps: 60.6170848726944
2025-03-14 19:21:07,829 - INFO - fps: 58.93446251251149
2025-03-14 19:21:07,846 - INFO - fps: 61.06124391302197
2025-03-14 19:21:07,863 - INFO - fps: 60.59871386962884
2025-03-14 19:21:07,879 - INFO - fps: 60.29544820509964
2025-03-14 19:21:07,897 - INFO - fps: 59.64095863954813
2025-03-14 19:21:07,914 - INFO - fps: 57.07436941311421
2025-03-14 19:21:07,931 - INFO - fps: 57.10044138511969
2025-03-14 19:21:07,947 - INFO - fps: 61.079889520073095
2025-03-14 19:21:07,963 - INFO - fps: 60.93473569133687
2025-03-14 19:21:07,980 - INFO - fps: 62.27037780646538
2025-03-14 19:21:07,996 - INFO - fps: 59.40005810877405
2025-03-14 19:21:08,013 - INFO - fps: 60.45583534582183
2025-03-14 19:21:08,029 - INFO - fps: 60.16846873653379
2025-03-14 19:21:08,047 - INFO - fps: 61.064973512812735
2025-03-14 19:21:08,064 - INFO - fps: 58.500060856871286
2025-03-14 19:21:08,080 - INFO - fps: 57.71672892147509
2025-03-14 19:21:08,097 - INFO - fps: 61.51953015737546
2025-03-14 19:21:08,113 - INFO - fps: 59.126114277621234
2025-03-14 19:21:08,129 - INFO - fps: 60.76810702467122
2025-03-14 19:21:08,146 - INFO - fps: 61.5611924919484
2025-03-14 19:21:08,162 - INFO - fps: 61.37228175164542
2025-03-14 19:21:08,179 - INFO - fps: 58.004637381146985
2025-03-14 19:21:08,196 - INFO - fps: 61.001646076974865
2025-03-14 19:21:08,213 - INFO - fps: 59.776439369165736
2025-03-14 19:21:08,229 - INFO - fps: 58.93098861129049
2025-03-14 19:21:08,246 - INFO - fps: 60.84575903388609
2025-03-14 19:21:08,262 - INFO - fps: 60.57669019420231
2025-03-14 19:21:08,279 - INFO - fps: 62.20839748789136
2025-03-14 19:21:08,295 - INFO - fps: 59.15059506364901
2025-03-14 19:21:08,312 - INFO - fps: 60.426609993812946
2025-03-14 19:21:08,329 - INFO - fps: 60.37918156078013
2025-03-14 19:21:08,346 - INFO - fps: 59.41770942889172
2025-03-14 19:21:08,363 - INFO - fps: 58.33625124564804
2025-03-14 19:21:08,379 - INFO - fps: 60.088929718893034
2025-03-14 19:21:08,396 - INFO - fps: 61.86969920293358
2025-03-14 19:21:08,413 - INFO - fps: 58.51032552314215
2025-03-14 19:21:08,429 - INFO - fps: 59.99160273193922
2025-03-14 19:21:08,447 - INFO - fps: 58.99008772188133
2025-03-14 19:21:08,463 - INFO - fps: 58.5720148064635
2025-03-14 19:21:08,480 - INFO - fps: 62.254874760501714
2025-03-14 19:21:08,496 - INFO - fps: 56.750470233088045
2025-03-14 19:21:08,513 - INFO - fps: 62.86540220229354
2025-03-14 19:21:08,529 - INFO - fps: 60.49240851816217
2025-03-14 19:21:08,545 - INFO - fps: 61.900337478309496
2025-03-14 19:21:08,561 - INFO - fps: 61.75126269713396
2025-03-14 19:21:08,578 - INFO - fps: 60.73488921419344
2025-03-14 19:21:08,594 - INFO - fps: 60.74965125615677
2025-03-14 19:21:08,611 - INFO - fps: 58.028204381026335
2025-03-14 19:21:08,628 - INFO - fps: 61.076165046318124
2025-03-14 19:21:08,646 - INFO - fps: 58.0416735632502
2025-03-14 19:21:08,663 - INFO - fps: 57.55395742684602
2025-03-14 19:21:08,680 - INFO - fps: 60.23370597829203
2025-03-14 19:21:08,697 - INFO - fps: 58.951838163879614
2025-03-14 19:21:08,714 - INFO - fps: 57.019044691801156
2025-03-14 19:21:08,730 - INFO - fps: 59.898172275986106
2025-03-14 19:21:08,748 - INFO - fps: 58.972695996801306
2025-03-14 19:21:08,765 - INFO - fps: 59.71932199935861
2025-03-14 19:21:08,783 - INFO - fps: 60.60606093446086
2025-03-14 19:21:08,799 - INFO - fps: 56.18924314881107
2025-03-14 19:21:08,816 - INFO - fps: 58.972695996801306
2025-03-14 19:21:08,834 - INFO - fps: 59.57345492051356
2025-03-14 19:21:08,851 - INFO - fps: 57.16572260206402
2025-03-14 19:21:08,867 - INFO - fps: 58.93446251251149
2025-03-14 19:21:08,885 - INFO - fps: 59.56635606678317
2025-03-14 19:21:08,903 - INFO - fps: 58.29883829280373
2025-03-14 19:21:08,920 - INFO - fps: 55.208964965550884
2025-03-14 19:21:08,937 - INFO - fps: 58.695778026319964
2025-03-14 19:21:08,954 - INFO - fps: 55.52162565041591
2025-03-14 19:21:08,971 - INFO - fps: 60.29181200917599
2025-03-14 19:21:10,803 - INFO - fps: 0.541445494016099
2025-03-14 19:21:10,819 - INFO - fps: 706.2147114605873
2025-03-14 19:21:10,836 - INFO - fps: 58.34986382844971
2025-03-14 19:21:10,853 - INFO - fps: 60.33546854619942
2025-03-14 19:21:10,869 - INFO - fps: 59.44949508930974
2025-03-14 19:21:10,885 - INFO - fps: 60.57669019420231
2025-03-14 19:21:10,902 - INFO - fps: 62.96039565991851
2025-03-14 19:21:10,918 - INFO - fps: 60.09976631577651
2025-03-14 19:21:10,935 - INFO - fps: 61.60290422541482
2025-03-14 19:21:10,952 - INFO - fps: 58.87548120620015
2025-03-14 19:21:10,969 - INFO - fps: 60.05645008109011
2025-03-14 19:21:10,985 - INFO - fps: 59.58409976132884
2025-03-14 19:21:11,002 - INFO - fps: 61.3760494455507
2025-03-14 19:21:11,019 - INFO - fps: 60.43756874034258
2025-03-14 19:21:11,035 - INFO - fps: 58.048413637629174
2025-03-14 19:21:11,051 - INFO - fps: 62.633095188680024
2025-03-14 19:21:11,067 - INFO - fps: 63.3111748332169
2025-03-14 19:21:11,084 - INFO - fps: 61.001646076974865
2025-03-14 19:21:11,101 - INFO - fps: 57.550644363091884
2025-03-14 19:21:11,117 - INFO - fps: 61.57635193164551
2025-03-14 19:21:11,134 - INFO - fps: 60.945879533357896
2025-03-14 19:21:11,151 - INFO - fps: 60.12867629106141
2025-03-14 19:21:11,167 - INFO - fps: 57.846939845297115
2025-03-14 19:21:11,183 - INFO - fps: 62.39470970186288
2025-03-14 19:21:11,200 - INFO - fps: 63.488030515639664
2025-03-14 19:21:11,216 - INFO - fps: 59.26628274518103
2025-03-14 19:21:11,232 - INFO - fps: 61.900337478309496
2025-03-14 19:21:11,249 - INFO - fps: 60.875391334657266
2025-03-14 19:21:11,266 - INFO - fps: 57.85362853177876
2025-03-14 19:21:11,284 - INFO - fps: 59.10514779894882
2025-03-14 19:21:11,300 - INFO - fps: 56.83755720985205
2025-03-14 19:21:11,317 - INFO - fps: 60.71645361414226
2025-03-14 19:21:11,334 - INFO - fps: 61.68270576674356
2025-03-14 19:21:11,350 - INFO - fps: 58.193666963305326
2025-03-14 19:21:11,366 - INFO - fps: 62.92473856806291
2025-03-14 19:21:11,384 - INFO - fps: 60.270010806305784
2025-03-14 19:21:11,400 - INFO - fps: 57.73005387928485
2025-03-14 19:21:11,417 - INFO - fps: 61.56498341703368
2025-03-14 19:21:11,433 - INFO - fps: 60.47411980832416
2025-03-14 19:21:11,450 - INFO - fps: 59.61251564233218
2025-03-14 19:21:11,467 - INFO - fps: 58.21399165442198
2025-03-14 19:21:11,483 - INFO - fps: 60.905045602415186
2025-03-14 19:21:11,501 - INFO - fps: 60.6869758060733
2025-03-14 19:21:11,517 - INFO - fps: 57.85028087838488
2025-03-14 19:21:11,534 - INFO - fps: 59.58409976132884
2025-03-14 19:21:11,550 - INFO - fps: 61.17704586715213
2025-03-14 19:21:11,567 - INFO - fps: 60.481429876944205
2025-03-14 19:21:11,584 - INFO - fps: 61.20700180370356
2025-03-14 19:21:11,600 - INFO - fps: 59.00053157204988
2025-03-14 19:21:11,618 - INFO - fps: 60.463147803860394
2025-03-14 19:21:11,635 - INFO - fps: 56.4875995162573
2025-03-14 19:21:11,651 - INFO - fps: 59.27682463046312
2025-03-14 19:21:11,668 - INFO - fps: 58.48637174095659
2025-03-14 19:21:11,684 - INFO - fps: 62.956430945049625
2025-03-14 19:21:11,700 - INFO - fps: 60.222827786023174
2025-03-14 19:21:11,717 - INFO - fps: 59.64095863954813
2025-03-14 19:21:11,734 - INFO - fps: 60.60238717936648
2025-03-14 19:21:11,751 - INFO - fps: 58.22077181133452
2025-03-14 19:21:11,767 - INFO - fps: 61.51574482771106
2025-03-14 19:21:11,784 - INFO - fps: 63.02785749790385
2025-03-14 19:21:11,800 - INFO - fps: 57.03204941416551
2025-03-14 19:21:11,816 - INFO - fps: 62.16972060555593
2025-03-14 19:21:11,833 - INFO - fps: 62.13881514801622
2025-03-14 19:21:11,849 - INFO - fps: 59.14709563652785
2025-03-14 19:21:11,866 - INFO - fps: 62.76282107336435
2025-03-14 19:21:11,882 - INFO - fps: 59.50609723927292
2025-03-14 19:21:11,899 - INFO - fps: 60.93102889812595
2025-03-14 19:21:11,916 - INFO - fps: 62.425870291571
2025-03-14 19:21:11,933 - INFO - fps: 56.58348671812751
2025-03-14 19:21:11,950 - INFO - fps: 60.29181200917599
2025-03-14 19:21:11,966 - INFO - fps: 58.93793682332009
2025-03-14 19:21:11,984 - INFO - fps: 60.68329223510178
2025-03-14 19:21:12,000 - INFO - fps: 57.27376936868277
2025-03-14 19:21:12,017 - INFO - fps: 60.6391379355914
2025-03-14 19:21:12,033 - INFO - fps: 60.547347907287275
2025-03-14 19:21:12,049 - INFO - fps: 60.864273252653476
2025-03-14 19:21:12,068 - INFO - fps: 61.846742173929975
2025-03-14 19:21:12,084 - INFO - fps: 56.363429753020526
2025-03-14 19:21:12,102 - INFO - fps: 59.22065760221991
2025-03-14 19:21:12,118 - INFO - fps: 56.42385703444144
2025-03-14 19:21:12,136 - INFO - fps: 60.121444506882256
2025-03-14 19:21:12,153 - INFO - fps: 57.517540854236934
2025-03-14 19:21:12,170 - INFO - fps: 59.22416573957275
2025-03-14 19:21:12,186 - INFO - fps: 57.75672847477075
2025-03-14 19:21:12,203 - INFO - fps: 62.34802348147511
2025-03-14 19:21:12,220 - INFO - fps: 58.830449108082504
2025-03-14 19:21:12,236 - INFO - fps: 60.11060682196623
2025-03-14 19:21:12,252 - INFO - fps: 60.0168056160619
2025-03-14 19:21:12,270 - INFO - fps: 62.000123568125474
2025-03-14 19:21:12,286 - INFO - fps: 58.31923652735265
2025-03-14 19:21:12,303 - INFO - fps: 60.33910322850237
2025-03-14 19:21:12,319 - INFO - fps: 58.411215038683615
2025-03-14 19:21:12,337 - INFO - fps: 61.81615691768794
2025-03-14 19:21:12,354 - INFO - fps: 56.97681271484866
2025-03-14 19:21:12,370 - INFO - fps: 58.50690144218771
2025-03-14 19:21:12,388 - INFO - fps: 61.00536839966601
2025-03-14 19:21:12,404 - INFO - fps: 58.25129575196038
2025-03-14 19:21:12,421 - INFO - fps: 61.74745589918552
2025-03-14 19:21:12,438 - INFO - fps: 58.31923652735265
2025-03-14 19:21:12,454 - INFO - fps: 59.94844221635224
2025-03-14 19:21:12,470 - INFO - fps: 60.0168056160619
2025-03-14 19:21:12,487 - INFO - fps: 61.89651227863217
2025-03-14 19:21:12,504 - INFO - fps: 60.971890764796335
2025-03-14 19:21:12,521 - INFO - fps: 58.851221116642115
2025-03-14 19:21:12,538 - INFO - fps: 60.14313834242624
2025-03-14 19:21:12,554 - INFO - fps: 58.048413637629174
2025-03-14 19:21:12,571 - INFO - fps: 61.7817837548029
2025-03-14 19:21:12,588 - INFO - fps: 58.657909058379744
2025-03-14 19:21:12,604 - INFO - fps: 59.605414094663054
2025-03-14 19:21:12,621 - INFO - fps: 62.80223231978678
2025-03-14 19:21:12,638 - INFO - fps: 59.126114277621234
2025-03-14 19:21:12,655 - INFO - fps: 58.965739587298735
2025-03-14 19:21:12,671 - INFO - fps: 58.633834308996846
2025-03-14 19:21:12,689 - INFO - fps: 59.63029347491066
2025-03-14 19:21:12,706 - INFO - fps: 56.205037538184385
2025-03-14 19:21:12,723 - INFO - fps: 58.15306012804115
2025-03-14 19:21:12,740 - INFO - fps: 59.4990210223902
2025-03-14 19:21:12,756 - INFO - fps: 59.665874338572
2025-03-14 19:21:12,772 - INFO - fps: 61.19576227446732
2025-03-14 19:21:12,789 - INFO - fps: 61.919506277921656
2025-03-14 19:21:12,805 - INFO - fps: 58.30563822937176
2025-03-14 19:21:12,823 - INFO - fps: 60.62810597540482
2025-03-14 19:21:12,839 - INFO - fps: 57.69674371338479
2025-03-14 19:21:12,856 - INFO - fps: 62.16972060555593
2025-03-14 19:21:12,872 - INFO - fps: 58.1632033725002
2025-03-14 19:21:12,888 - INFO - fps: 63.71049824095384
2025-03-14 19:21:12,904 - INFO - fps: 59.14010453902037
2025-03-14 19:21:12,920 - INFO - fps: 64.11489476627995
2025-03-14 19:21:12,937 - INFO - fps: 60.6685692776207
2025-03-14 19:21:12,953 - INFO - fps: 62.633095188680024
2025-03-14 19:21:12,971 - INFO - fps: 61.41374481818476
2025-03-14 19:21:12,986 - INFO - fps: 55.707201446037665
2025-03-14 19:21:13,003 - INFO - fps: 65.39794742373064
2025-03-14 19:21:13,020 - INFO - fps: 60.04202968489368
2025-03-14 19:21:13,037 - INFO - fps: 58.64758614255817
2025-03-14 19:21:13,054 - INFO - fps: 59.32253639296122
2025-03-14 19:21:13,071 - INFO - fps: 58.33965538075289
2025-03-14 19:21:13,088 - INFO - fps: 60.52536154560995
2025-03-14 19:21:13,104 - INFO - fps: 56.650806465653915
2025-03-14 19:21:13,122 - INFO - fps: 61.697925118173615
2025-03-14 19:21:13,138 - INFO - fps: 58.737153026943425
2025-03-14 19:21:13,154 - INFO - fps: 62.464866640930076
2025-03-14 19:21:13,170 - INFO - fps: 60.87909136123226
2025-03-14 19:21:13,187 - INFO - fps: 59.32605661132951
2025-03-14 19:21:13,204 - INFO - fps: 60.8309502526791
2025-03-14 19:21:13,220 - INFO - fps: 59.94844221635224
2025-03-14 19:21:13,237 - INFO - fps: 61.91567156829164
2025-03-14 19:21:13,254 - INFO - fps: 62.088661954426605
2025-03-14 19:21:13,270 - INFO - fps: 58.312439752404714
2025-03-14 19:21:13,286 - INFO - fps: 62.355800872935596
2025-03-14 19:21:13,302 - INFO - fps: 60.37553525885009
2025-03-14 19:21:13,319 - INFO - fps: 60.99048876261213
2025-03-14 19:21:13,337 - INFO - fps: 57.434957671384275
2025-03-14 19:21:13,354 - INFO - fps: 59.41770942889172
2025-03-14 19:21:13,370 - INFO - fps: 58.71645502698161
2025-03-14 19:21:13,388 - INFO - fps: 59.81576681528015
2025-03-14 19:21:13,404 - INFO - fps: 59.1296112223928
2025-03-14 19:21:13,420 - INFO - fps: 62.32859572415902
2025-03-14 19:21:13,437 - INFO - fps: 58.5994733293006
2025-03-14 19:21:16,926 - INFO - fps: 0.28535677488846445
2025-03-14 19:21:16,944 - INFO - fps: 693.00067154616
2025-03-14 19:21:16,961 - INFO - fps: 52.43563609122869
2025-03-14 19:21:16,978 - INFO - fps: 65.1253651748806
2025-03-14 19:21:16,996 - INFO - fps: 55.994174371280366
2025-03-14 19:21:17,013 - INFO - fps: 58.241115443421265
2025-03-14 19:21:17,029 - INFO - fps: 60.994202794160735
2025-03-14 19:21:17,044 - INFO - fps: 60.51070829316632
2025-03-14 19:21:17,062 - INFO - fps: 62.897034822289555
2025-03-14 19:21:17,078 - INFO - fps: 58.69233220588536
2025-03-14 19:21:17,095 - INFO - fps: 61.06124391302197
2025-03-14 19:21:17,111 - INFO - fps: 60.31726781789872
2025-03-14 19:21:17,128 - INFO - fps: 59.93407363571706
2025-03-14 19:21:17,144 - INFO - fps: 59.55217003936491
2025-03-14 19:21:17,161 - INFO - fps: 59.45303039179001
2025-03-14 19:21:17,179 - INFO - fps: 60.85686345389857
2025-03-14 19:21:17,196 - INFO - fps: 56.88929277871621
2025-03-14 19:21:17,213 - INFO - fps: 60.613409781043785
2025-03-14 19:21:17,228 - INFO - fps: 59.44949508930974
2025-03-14 19:21:17,245 - INFO - fps: 63.488030515639664
2025-03-14 19:21:17,262 - INFO - fps: 56.46846224859313
2025-03-14 19:21:17,278 - INFO - fps: 63.66588458572419
2025-03-14 19:21:17,295 - INFO - fps: 59.71575495748818
2025-03-14 19:21:17,312 - INFO - fps: 60.29544820509964
2025-03-14 19:21:17,329 - INFO - fps: 59.16459691397317
2025-03-14 19:21:17,344 - INFO - fps: 60.36824397603265
2025-03-14 19:21:17,361 - INFO - fps: 59.91253033173409
2025-03-14 19:21:17,378 - INFO - fps: 60.84575903388609
2025-03-14 19:21:17,395 - INFO - fps: 59.601860646874535
2025-03-14 19:21:17,412 - INFO - fps: 58.24450848420788
2025-03-14 19:21:17,428 - INFO - fps: 60.95702745213183
2025-03-14 19:21:17,446 - INFO - fps: 57.981095777885706
2025-03-14 19:21:17,462 - INFO - fps: 60.386475486081785
2025-03-14 19:21:17,479 - INFO - fps: 62.235497786920725
2025-03-14 19:21:17,495 - INFO - fps: 59.805032383244374
2025-03-14 19:21:17,512 - INFO - fps: 59.712188341711915
2025-03-14 19:21:17,529 - INFO - fps: 60.35731713884295
2025-03-14 19:21:17,544 - INFO - fps: 60.17571183855671
2025-03-14 19:21:17,561 - INFO - fps: 59.36479347639671
2025-03-14 19:21:17,579 - INFO - fps: 59.783581730555085
2025-03-14 19:21:17,595 - INFO - fps: 58.448772411294364
2025-03-14 19:21:17,612 - INFO - fps: 61.58393798371361
2025-03-14 19:21:17,630 - INFO - fps: 60.17933404355296
2025-03-14 19:21:17,645 - INFO - fps: 55.71651511832125
2025-03-14 19:21:17,662 - INFO - fps: 62.98815526218935
2025-03-14 19:21:17,679 - INFO - fps: 60.3718893972942
2025-03-14 19:21:17,696 - INFO - fps: 60.3718893972942
2025-03-14 19:21:17,712 - INFO - fps: 60.44853146246871
2025-03-14 19:21:17,728 - INFO - fps: 60.6685692776207
2025-03-14 19:21:17,745 - INFO - fps: 59.548622936967654
2025-03-14 19:21:17,762 - INFO - fps: 60.17933404355296
2025-03-14 19:21:17,779 - INFO - fps: 58.2546899790645
2025-03-14 19:21:17,795 - INFO - fps: 58.958784818756435
2025-03-14 19:21:17,812 - INFO - fps: 60.01320294929062
2025-03-14 19:21:17,829 - INFO - fps: 60.11060682196623
2025-03-14 19:21:17,846 - INFO - fps: 59.537984164633166
2025-03-14 19:21:17,863 - INFO - fps: 57.77341028693601
2025-03-14 19:21:17,880 - INFO - fps: 60.08531838830112
2025-03-14 19:21:17,896 - INFO - fps: 62.445358746447056
2025-03-14 19:21:17,912 - INFO - fps: 62.5351742431046
2025-03-14 19:21:17,930 - INFO - fps: 59.562807274311965
2025-03-14 19:21:17,947 - INFO - fps: 55.49081457880252
2025-03-14 19:21:17,964 - INFO - fps: 61.068703568236685
2025-03-14 19:21:17,980 - INFO - fps: 58.29883829280373
2025-03-14 19:21:17,996 - INFO - fps: 58.84776347200667
2025-03-14 19:21:18,012 - INFO - fps: 60.45583534582183
2025-03-14 19:21:18,029 - INFO - fps: 63.05965385903354
2025-03-14 19:21:18,047 - INFO - fps: 59.87306890805635
2025-03-14 19:21:18,062 - INFO - fps: 56.92815932350116
2025-03-14 19:21:18,080 - INFO - fps: 63.73486001373538
2025-03-14 19:21:18,095 - INFO - fps: 60.08171421556213
2025-03-14 19:21:18,113 - INFO - fps: 60.97560945692196
2025-03-14 19:21:18,130 - INFO - fps: 57.89047206420422
2025-03-14 19:21:18,146 - INFO - fps: 61.42506456903217
2025-03-14 19:21:18,162 - INFO - fps: 60.18657976190877
2025-03-14 19:21:18,179 - INFO - fps: 62.34414275294554
2025-03-14 19:21:18,196 - INFO - fps: 58.6820035858188
2025-03-14 19:21:18,211 - INFO - fps: 61.04633700995692
2025-03-14 19:21:18,230 - INFO - fps: 60.56568094224503
2025-03-14 19:21:18,246 - INFO - fps: 58.695778026319964
2025-03-14 19:21:18,263 - INFO - fps: 61.128432569089746
2025-03-14 19:21:18,279 - INFO - fps: 59.95203711175212
2025-03-14 19:21:18,296 - INFO - fps: 59.435364662748306
2025-03-14 19:21:18,312 - INFO - fps: 60.255480919560355
2025-03-14 19:21:18,329 - INFO - fps: 60.916178586547815
2025-03-14 19:21:18,346 - INFO - fps: 58.94141154378874
2025-03-14 19:21:18,362 - INFO - fps: 60.29544820509964
2025-03-14 19:21:18,380 - INFO - fps: 58.43510728522492
2025-03-14 19:21:18,397 - INFO - fps: 57.42176243343704
2025-03-14 19:21:18,413 - INFO - fps: 57.75339202574893
2025-03-14 19:21:18,430 - INFO - fps: 65.62110236713238
2025-03-14 19:21:18,446 - INFO - fps: 59.126114277621234
2025-03-14 19:21:18,462 - INFO - fps: 61.21449711715292
2025-03-14 19:21:18,479 - INFO - fps: 59.805032383244374
2025-03-14 19:21:18,496 - INFO - fps: 60.302721912898335
2025-03-14 19:21:18,512 - INFO - fps: 60.85315923104824
2025-03-14 19:21:18,529 - INFO - fps: 58.455601006549145
2025-03-14 19:21:18,546 - INFO - fps: 60.34638747334903
2025-03-14 19:21:18,563 - INFO - fps: 60.923602837384855
2025-03-14 19:21:18,580 - INFO - fps: 58.67511558334411
2025-03-14 19:21:18,596 - INFO - fps: 60.262744987111674
2025-03-14 19:21:18,613 - INFO - fps: 60.2264489093531
2025-03-14 19:21:18,630 - INFO - fps: 59.50609723927292
2025-03-14 19:21:18,646 - INFO - fps: 59.56635606678317
2025-03-14 19:21:18,663 - INFO - fps: 59.10514779894882
2025-03-14 19:21:18,680 - INFO - fps: 61.98859089493098
2025-03-14 19:21:18,696 - INFO - fps: 60.114214462053326
2025-03-14 19:21:18,713 - INFO - fps: 59.93048089421256
2025-03-14 19:21:18,730 - INFO - fps: 59.99160273193922
2025-03-14 19:21:18,747 - INFO - fps: 59.601860646874535
2025-03-14 19:21:18,762 - INFO - fps: 57.30987169856598
2025-03-14 19:21:18,780 - INFO - fps: 63.343257766045774
2025-03-14 19:21:18,796 - INFO - fps: 59.81218824313206
2025-03-14 19:21:18,813 - INFO - fps: 59.83008538702768
2025-03-14 19:21:18,829 - INFO - fps: 59.34718013768098
2025-03-14 19:21:18,846 - INFO - fps: 60.58036083432783
2025-03-14 19:21:18,863 - INFO - fps: 59.252239268848015
2025-03-14 19:21:18,881 - INFO - fps: 58.11588170433705
2025-03-14 19:21:18,896 - INFO - fps: 60.60238717936648
2025-03-14 19:21:18,914 - INFO - fps: 62.676279962992254
2025-03-14 19:21:18,930 - INFO - fps: 56.363429753020526
2025-03-14 19:21:18,946 - INFO - fps: 63.25110777905894
2025-03-14 19:21:18,963 - INFO - fps: 58.833911165733994
2025-03-14 19:21:18,980 - INFO - fps: 61.091086522136905
2025-03-14 19:21:18,995 - INFO - fps: 60.66120705054971
2025-03-14 19:21:19,012 - INFO - fps: 60.00599891314966
2025-03-14 19:21:19,029 - INFO - fps: 59.783581730555085
2025-03-14 19:21:19,047 - INFO - fps: 59.65875344342668
2025-03-14 19:21:19,062 - INFO - fps: 59.43183146083585
2025-03-14 19:21:19,080 - INFO - fps: 60.945879533357896
2025-03-14 19:21:19,097 - INFO - fps: 59.29439622686521
2025-03-14 19:21:19,115 - INFO - fps: 58.88587805257393
2025-03-14 19:21:19,131 - INFO - fps: 58.363489110363524
2025-03-14 19:21:19,147 - INFO - fps: 59.7692920601172
2025-03-14 19:21:19,164 - INFO - fps: 63.23510517042425
2025-03-14 19:21:19,180 - INFO - fps: 59.88741492994165
2025-03-14 19:21:19,197 - INFO - fps: 59.86948347645432
2025-03-14 19:21:19,213 - INFO - fps: 59.58409976132884
2025-03-14 19:21:19,229 - INFO - fps: 60.727517752365124
2025-03-14 19:21:19,247 - INFO - fps: 59.88741492994165
2025-03-14 19:21:19,263 - INFO - fps: 59.49193989581199
2025-03-14 19:21:19,280 - INFO - fps: 60.386475486081785
2025-03-14 19:21:19,296 - INFO - fps: 60.00599891314966
2025-03-14 19:21:19,314 - INFO - fps: 60.02040871540422
2025-03-14 19:21:19,330 - INFO - fps: 59.73358778320195
2025-03-14 19:21:19,347 - INFO - fps: 59.69436165157196
2025-03-14 19:21:19,364 - INFO - fps: 59.4071173781817
2025-03-14 19:21:19,381 - INFO - fps: 59.84082214531329
2025-03-14 19:21:19,397 - INFO - fps: 58.448772411294364
2025-03-14 19:21:19,414 - INFO - fps: 62.053985153163985
2025-03-14 19:21:19,430 - INFO - fps: 59.87665476912892
2025-03-14 19:21:19,446 - INFO - fps: 60.79027013108831
2025-03-14 19:21:19,464 - INFO - fps: 59.05279335176253
2025-03-14 19:21:19,480 - INFO - fps: 60.37918156078013
2025-03-14 19:21:19,497 - INFO - fps: 60.092541483617374
2025-03-14 19:21:19,514 - INFO - fps: 57.133060305727916
2025-03-14 19:21:19,530 - INFO - fps: 62.03474018121966
2025-03-14 19:21:19,549 - INFO - fps: 60.14675662692068
2025-03-14 19:21:19,564 - INFO - fps: 53.513136048646665
2025-03-14 19:21:19,581 - INFO - fps: 65.53080041256491
2025-03-14 19:21:19,597 - INFO - fps: 60.23733516863889
2025-03-14 19:21:19,613 - INFO - fps: 62.3986039807794
2025-03-14 19:21:19,631 - INFO - fps: 60.0708841270676
2025-03-14 19:21:19,647 - INFO - fps: 58.644145977983165
2025-03-14 19:21:19,664 - INFO - fps: 60.93473569133687
2025-03-14 19:21:19,680 - INFO - fps: 60.15761409304038
2025-03-14 19:21:19,697 - INFO - fps: 60.74965125615677
2025-03-14 19:21:19,714 - INFO - fps: 59.1821020275791
2025-03-14 19:21:19,731 - INFO - fps: 60.32090708504012
2025-03-14 19:21:19,747 - INFO - fps: 59.7657190464931
2025-03-14 19:21:19,764 - INFO - fps: 59.83724057467817
2025-03-14 19:21:19,780 - INFO - fps: 59.77286550098254
2025-03-14 19:21:19,797 - INFO - fps: 60.65752660703701
2025-03-14 19:21:19,814 - INFO - fps: 57.231159358878216
2025-03-14 19:21:19,831 - INFO - fps: 61.697925118173615
2025-03-14 19:21:19,847 - INFO - fps: 59.984403880371055
2025-03-14 19:21:19,865 - INFO - fps: 59.851569430188654
2025-03-14 19:21:19,880 - INFO - fps: 56.934637213175826
2025-03-14 19:21:19,896 - INFO - fps: 63.47191531827351
2025-03-14 19:21:19,914 - INFO - fps: 60.44487677989352
2025-03-14 19:21:19,932 - INFO - fps: 60.153994502149146
2025-03-14 19:21:19,949 - INFO - fps: 56.417488918969106
2025-03-14 19:21:19,965 - INFO - fps: 56.208197481644184
2025-03-14 19:21:19,981 - INFO - fps: 63.69021224498512
2025-03-14 19:21:19,997 - INFO - fps: 62.633095188680024
2025-03-14 19:21:20,014 - INFO - fps: 59.619625503168486
2025-03-14 19:21:20,031 - INFO - fps: 62.11179896575764
2025-03-14 19:21:20,048 - INFO - fps: 60.350030255337515
2025-03-14 19:21:20,064 - INFO - fps: 59.59830762274681
2025-03-14 19:21:20,081 - INFO - fps: 59.83008538702768
2025-03-14 19:21:20,098 - INFO - fps: 60.12867629106141
2025-03-14 19:21:20,114 - INFO - fps: 59.45303039179001
2025-03-14 19:21:20,131 - INFO - fps: 60.55101499217892
2025-03-14 19:21:20,227 - INFO - fps: 9.713453201198606
